test cases for module say_my_name
=================================

import the function
	>>> say_my_name = __import__("3-say_my_name").say_my_name

test normal case:
	>>> say_my_name("Mohammed", "Shousha")
	My name is Mohammed Shousha

test wrong type as first name:
	>>> say_my_name(12, "Shousha")
	Traceback (most recent call last):
	...
	TypeError: first_name must be a string

test wrong type as last name:
	>>> say_my_name("Shousha", 12)
	Traceback (most recent call last):
	...
	TypeError: last_name must be a string

test for optional last name:
	>>> say_my_name("Shousha")
	My name is Shousha 

test missing two arguments:
	>>> say_my_name()
	Traceback (most recent call last):
	...
	TypeError: say_my_name() missing 1 required positional argument: 'first_name'
