test cases for module print_square
===========================

import the function
	>>> print_square = __import__('4-print_square').print_square

test normal case
	>>> print_square(3)
	###
	###
	###

test no args
	>>> print_square()
	Traceback (most recent call last):
	...
	TypeError: print_square() missing 1 required positional argument: 'size'

test negative integers
	>>> print_square(-1)
	Traceback (most recent call last):
	...
	ValueError: size must be >= 0

test floats
    >>> print_square(1.5)
    Traceback (most recent call last):
    ...
    TypeError: size must be an integer

test strings
    >>> print_square("hello")
    Traceback (most recent call last):
    ...
    TypeError: size must be an integer
